[   18587ms] [WARNING] cdn.tailwindcss.com should not be used in production. To use Tailwind CSS in production, install it as a PostCSS plugin or use the Tailwind CLI: https://tailwindcss.com/docs/installation @ https://cdn.tailwindcss.com/:63
[   18989ms] [ERROR] Failed to load resource: the server responded with a status of 404 (File not found) @ http://localhost:8080/favicon.ico:0
[  138951ms] [ERROR] Register error: TypeError: Cannot read properties of null (reading 'style')
    at updateUIForLoggedInUser (http://localhost:8080/app.js:226:43)
    at handleRegister (http://localhost:8080/app.js:180:13) @ http://localhost:8080/app.js:193
[  212241ms] [WARNING] cdn.tailwindcss.com should not be used in production. To use Tailwind CSS in production, install it as a PostCSS plugin or use the Tailwind CLI: https://tailwindcss.com/docs/installation @ https://cdn.tailwindcss.com/:63
[  212534ms] [ERROR] Load user error: TypeError: Cannot read properties of null (reading 'style')
    at updateUIForLoggedInUser (http://localhost:8080/app.js:226:43)
    at loadCurrentUser (http://localhost:8080/app.js:215:13) @ http://localhost:8080/app.js:219
[  212568ms] TypeError: Cannot read properties of null (reading 'style')
    at logout (http://localhost:8080/app.js:247:43)
    at loadCurrentUser (http://localhost:8080/app.js:221:9)
[  257161ms] [WARNING] cdn.tailwindcss.com should not be used in production. To use Tailwind CSS in production, install it as a PostCSS plugin or use the Tailwind CLI: https://tailwindcss.com/docs/installation @ https://cdn.tailwindcss.com/:63
[  276193ms] [WARNING] cdn.tailwindcss.com should not be used in production. To use Tailwind CSS in production, install it as a PostCSS plugin or use the Tailwind CLI: https://tailwindcss.com/docs/installation @ https://cdn.tailwindcss.com/:63
[  276765ms] TypeError: Cannot set properties of null (setting 'innerHTML')
    at loadHeader (http://localhost:8080/js/components.js:83:59)
    at HTMLDocument.<anonymous> (http://localhost:8080/js/components.js:312:5)
[  322285ms] [ERROR] Failed to load resource: net::ERR_NAME_NOT_RESOLVED @ https://via.placeholder.com/150x150?text=App+UI:0
[  656402ms] [WARNING] cdn.tailwindcss.com should not be used in production. To use Tailwind CSS in production, install it as a PostCSS plugin or use the Tailwind CLI: https://tailwindcss.com/docs/installation @ https://cdn.tailwindcss.com/:63
[  658714ms] [WARNING] cdn.tailwindcss.com should not be used in production. To use Tailwind CSS in production, install it as a PostCSS plugin or use the Tailwind CLI: https://tailwindcss.com/docs/installation @ https://cdn.tailwindcss.com/:63
[  659102ms] TypeError: Cannot set properties of null (setting 'innerHTML')
    at loadHeader (http://localhost:8080/js/components.js:83:59)
    at HTMLDocument.<anonymous> (http://localhost:8080/js/components.js:312:5)
[  704812ms] [ERROR] Failed to load resource: net::ERR_NAME_NOT_RESOLVED @ https://via.placeholder.com/150x150?text=App+UI:0
